# JRE version: OpenJDK Runtime Environment Microsoft-7208460 (11.0.18+10) (build 11.0.18+10-LTS)
# Java VM: OpenJDK 64-Bit Server VM Microsoft-7208460 (11.0.18+10-LTS, mixed mode, tiered, compressed oops, g1 gc, windows-amd64)
Heap:
 garbage-first heap   total 391168K, used 246826K [0x0000000080000000, 0x0000000100000000)
  region size 1024K, 19 young (19456K), 7 survivors (7168K)
 Metaspace       used 131238K, capacity 136750K, committed 136904K, reserved 634880K
  class space    used 16749K, capacity 18772K, committed 18892K, reserved 516096K
GC Heap History (20 events):
Event: 1357.535 GC heap before
{Heap before GC invocations=50 (full 0):
 garbage-first heap   total 391168K, used 315026K [0x0000000080000000, 0x0000000100000000)
  region size 1024K, 82 young (83968K), 10 survivors (10240K)
 Metaspace       used 130411K, capacity 135653K, committed 135752K, reserved 634880K
  class space    used 16690K, capacity 18668K, committed 18764K, reserved 516096K
}
Event: 1357.560 GC heap after
{Heap after GC invocations=51 (full 0):
 garbage-first heap   total 391168K, used 260815K [0x0000000080000000, 0x0000000100000000)
  region size 1024K, 11 young (11264K), 11 survivors (11264K)
 Metaspace       used 130411K, capacity 135653K, committed 135752K, reserved 634880K
  class space    used 16690K, capacity 18668K, committed 18764K, reserved 516096K
}
Event: 1357.678 GC heap before
{Heap before GC invocations=51 (full 0):
 garbage-first heap   total 391168K, used 269007K [0x0000000080000000, 0x0000000100000000)
  region size 1024K, 19 young (19456K), 11 survivors (11264K)
 Metaspace       used 130422K, capacity 135653K, committed 135752K, reserved 634880K
  class space    used 16690K, capacity 18668K, committed 18764K, reserved 516096K
}
Event: 1357.695 GC heap after
{Heap after GC invocations=52 (full 0):
 garbage-first heap   total 391168K, used 226304K [0x0000000080000000, 0x0000000100000000)
  region size 1024K, 2 young (2048K), 2 survivors (2048K)
 Metaspace       used 130422K, capacity 135653K, committed 135752K, reserved 634880K
  class space    used 16690K, capacity 18668K, committed 18764K, reserved 516096K
}
Event: 1364.244 GC heap before
{Heap before GC invocations=52 (full 0):
 garbage-first heap   total 391168K, used 243712K [0x0000000080000000, 0x0000000100000000)
  region size 1024K, 19 young (19456K), 2 survivors (2048K)
 Metaspace       used 130449K, capacity 135729K, committed 136008K, reserved 634880K
  class space    used 16692K, capacity 18671K, committed 18764K, reserved 516096K
}
Event: 1364.252 GC heap after
{Heap after GC invocations=53 (full 0):
 garbage-first heap   total 391168K, used 226092K [0x0000000080000000, 0x0000000100000000)
  region size 1024K, 3 young (3072K), 3 survivors (3072K)
 Metaspace       used 130449K, capacity 135729K, committed 136008K, reserved 634880K
  class space    used 16692K, capacity 18671K, committed 18764K, reserved 516096K
}
Event: 1370.896 GC heap before
{Heap before GC invocations=53 (full 0):
 garbage-first heap   total 391168K, used 304940K [0x0000000080000000, 0x0000000100000000)
  region size 1024K, 80 young (81920K), 3 survivors (3072K)
 Metaspace       used 130578K, capacity 135776K, committed 136008K, reserved 634880K
  class space    used 16697K, capacity 18680K, committed 18764K, reserved 516096K
}
Event: 1370.944 GC heap after
{Heap after GC invocations=54 (full 0):
 garbage-first heap   total 391168K, used 236020K [0x0000000080000000, 0x0000000100000000)
  region size 1024K, 10 young (10240K), 10 survivors (10240K)
 Metaspace       used 130578K, capacity 135776K, committed 136008K, reserved 634880K
  class space    used 16697K, capacity 18680K, committed 18764K, reserved 516096K
}
Event: 1371.863 GC heap before
{Heap before GC invocations=55 (full 0):
 garbage-first heap   total 391168K, used 310772K [0x0000000080000000, 0x0000000100000000)
  region size 1024K, 84 young (86016K), 10 survivors (10240K)
 Metaspace       used 130739K, capacity 136116K, committed 136264K, reserved 634880K
  class space    used 16702K, capacity 18684K, committed 18764K, reserved 516096K
}
Event: 1371.882 GC heap after
{Heap after GC invocations=56 (full 0):
 garbage-first heap   total 391168K, used 252779K [0x0000000080000000, 0x0000000100000000)
  region size 1024K, 11 young (11264K), 11 survivors (11264K)
 Metaspace       used 130739K, capacity 136116K, committed 136264K, reserved 634880K
  class space    used 16702K, capacity 18684K, committed 18764K, reserved 516096K
}
Event: 1371.978 GC heap before
{Heap before GC invocations=56 (full 0):
 garbage-first heap   total 391168K, used 260971K [0x0000000080000000, 0x0000000100000000)
  region size 1024K, 19 young (19456K), 11 survivors (11264K)
 Metaspace       used 130751K, capacity 136123K, committed 136264K, reserved 634880K
  class space    used 16702K, capacity 18685K, committed 18764K, reserved 516096K
}
Event: 1371.994 GC heap after
{Heap after GC invocations=57 (full 0):
 garbage-first heap   total 391168K, used 253234K [0x0000000080000000, 0x0000000100000000)
  region size 1024K, 3 young (3072K), 3 survivors (3072K)
 Metaspace       used 130751K, capacity 136123K, committed 136264K, reserved 634880K
  class space    used 16702K, capacity 18685K, committed 18764K, reserved 516096K
}
Event: 1372.689 GC heap before
{Heap before GC invocations=57 (full 0):
 garbage-first heap   total 391168K, used 316722K [0x0000000080000000, 0x0000000100000000)
  region size 1024K, 65 young (66560K), 3 survivors (3072K)
 Metaspace       used 130910K, capacity 136287K, committed 136520K, reserved 634880K
  class space    used 16718K, capacity 18714K, committed 18764K, reserved 516096K
}
Event: 1372.704 GC heap after
{Heap after GC invocations=58 (full 0):
 garbage-first heap   total 391168K, used 264192K [0x0000000080000000, 0x0000000100000000)
  region size 1024K, 9 young (9216K), 9 survivors (9216K)
 Metaspace       used 130910K, capacity 136287K, committed 136520K, reserved 634880K
  class space    used 16718K, capacity 18714K, committed 18764K, reserved 516096K
}
Event: 1519.625 GC heap before
{Heap before GC invocations=59 (full 0):
 garbage-first heap   total 391168K, used 312320K [0x0000000080000000, 0x0000000100000000)
  region size 1024K, 65 young (66560K), 9 survivors (9216K)
 Metaspace       used 131117K, capacity 136613K, committed 136904K, reserved 634880K
  class space    used 16749K, capacity 18771K, committed 18892K, reserved 516096K
}
Event: 1519.636 GC heap after
{Heap after GC invocations=60 (full 0):
 garbage-first heap   total 391168K, used 257715K [0x0000000080000000, 0x0000000100000000)
  region size 1024K, 3 young (3072K), 3 survivors (3072K)
 Metaspace       used 131117K, capacity 136613K, committed 136904K, reserved 634880K
  class space    used 16749K, capacity 18771K, committed 18892K, reserved 516096K
}
Event: 2230.169 GC heap before
{Heap before GC invocations=60 (full 0):
 garbage-first heap   total 391168K, used 273075K [0x0000000080000000, 0x0000000100000000)
  region size 1024K, 19 young (19456K), 3 survivors (3072K)
 Metaspace       used 131125K, capacity 136613K, committed 136904K, reserved 634880K
  class space    used 16749K, capacity 18771K, committed 18892K, reserved 516096K
}
Event: 2230.182 GC heap after
{Heap after GC invocations=61 (full 0):
 garbage-first heap   total 391168K, used 229569K [0x0000000080000000, 0x0000000100000000)
  region size 1024K, 1 young (1024K), 1 survivors (1024K)
 Metaspace       used 131125K, capacity 136613K, committed 136904K, reserved 634880K
  class space    used 16749K, capacity 18771K, committed 18892K, reserved 516096K
}
Event: 2981.865 GC heap before
{Heap before GC invocations=61 (full 0):
 garbage-first heap   total 391168K, used 304321K [0x0000000080000000, 0x0000000100000000)
  region size 1024K, 75 young (76800K), 1 survivors (1024K)
 Metaspace       used 131222K, capacity 136685K, committed 136904K, reserved 634880K
  class space    used 16749K, capacity 18772K, committed 18892K, reserved 516096K
}
Event: 2981.891 GC heap after
{Heap after GC invocations=62 (full 0):
 garbage-first heap   total 391168K, used 235562K [0x0000000080000000, 0x0000000100000000)
  region size 1024K, 7 young (7168K), 7 survivors (7168K)
 Metaspace       used 131222K, capacity 136685K, committed 136904K, reserved 634880K
  class space    used 16749K, capacity 18772K, committed 18892K, reserved 516096K
}

